2024_09_11_10_22_05_IST - sanity checks - INFO - The Create container name is crud-create-service
2024_09_11_10_22_05_IST - sanity checks - INFO - The Create module port is 5657
2024_09_11_10_22_05_IST - sanity checks - INFO - The Custom docker network name is crud-net-58a0e
2024_09_11_10_22_05_IST - sanity checks - INFO - The Read container name is crud-read-service
2024_09_11_10_22_05_IST - sanity checks - INFO - The Read module port is 5658
2024_09_11_10_22_05_IST - sanity checks - INFO - The Update container name is crud-update-service
2024_09_11_10_22_05_IST - sanity checks - INFO - The Update module port is 5659
2024_09_11_10_22_05_IST - sanity checks - INFO - The Delete container name is crud-delete-service
2024_09_11_10_22_05_IST - sanity checks - INFO - The Delete module port is 5660
2024_09_11_10_22_27_IST - sanity checks - INFO - The Create container name is crud-create-service
2024_09_11_10_22_27_IST - sanity checks - INFO - The Create module port is 5657
2024_09_11_10_22_27_IST - sanity checks - INFO - The Custom docker network name is crud-net-58a0e
2024_09_11_10_22_27_IST - sanity checks - INFO - The Read container name is crud-read-service
2024_09_11_10_22_27_IST - sanity checks - INFO - The Read module port is 5658
2024_09_11_10_22_27_IST - sanity checks - INFO - The Update container name is crud-update-service
2024_09_11_10_22_27_IST - sanity checks - INFO - The Update module port is 5659
2024_09_11_10_22_27_IST - sanity checks - INFO - The Delete container name is crud-delete-service
2024_09_11_10_22_27_IST - sanity checks - INFO - The Delete module port is 5660
2024_09_11_10_23_24_IST - sanity checks - INFO - The Create container name is crud-create-service
2024_09_11_10_23_24_IST - sanity checks - INFO - The Create module port is 5657
2024_09_11_10_23_24_IST - sanity checks - INFO - The Custom docker network name is crud-net-58a0e
2024_09_11_10_23_24_IST - sanity checks - INFO - The Read container name is crud-read-service
2024_09_11_10_23_24_IST - sanity checks - INFO - The Read module port is 5658
2024_09_11_10_23_24_IST - sanity checks - INFO - The Update container name is crud-update-service
2024_09_11_10_23_24_IST - sanity checks - INFO - The Update module port is 5659
2024_09_11_10_23_24_IST - sanity checks - INFO - The Delete container name is crud-delete-service
2024_09_11_10_23_24_IST - sanity checks - INFO - The Delete module port is 5660
2024_09_11_10_24_24_IST - sanity checks - INFO - The Create container name is crud-create-service
2024_09_11_10_24_24_IST - sanity checks - INFO - The Create module port is 5657
2024_09_11_10_24_24_IST - sanity checks - INFO - The Custom docker network name is crud-net-58a0e
2024_09_11_10_24_24_IST - sanity checks - INFO - The Read container name is crud-read-service
2024_09_11_10_24_24_IST - sanity checks - INFO - The Read module port is 5658
2024_09_11_10_24_24_IST - sanity checks - INFO - The Update container name is crud-update-service
2024_09_11_10_24_24_IST - sanity checks - INFO - The Update module port is 5659
2024_09_11_10_24_24_IST - sanity checks - INFO - The Delete container name is crud-delete-service
2024_09_11_10_24_24_IST - sanity checks - INFO - The Delete module port is 5660
2024_09_11_10_25_32_IST - sanity checks - INFO - The Create container name is crud-create-service
2024_09_11_10_25_32_IST - sanity checks - INFO - The Create module port is 5657
2024_09_11_10_25_32_IST - sanity checks - INFO - The Custom docker network name is crud-net-58a0e
2024_09_11_10_25_32_IST - sanity checks - INFO - The Read container name is crud-read-service
2024_09_11_10_25_32_IST - sanity checks - INFO - The Read module port is 5658
2024_09_11_10_25_32_IST - sanity checks - INFO - The Update container name is crud-update-service
2024_09_11_10_25_32_IST - sanity checks - INFO - The Update module port is 5659
2024_09_11_10_25_32_IST - sanity checks - INFO - The Delete container name is crud-delete-service
2024_09_11_10_25_32_IST - sanity checks - INFO - The Delete module port is 5660
