2024_09_11_13_28_56_IST - create-module - INFO - The Create container name is None
2024_09_11_13_28_56_IST - create-module - INFO - The Create module port is 5657
2024_09_11_13_28_56_IST - create-module - INFO - The Custom docker network name is crud-net-0a2cf
2024_09_11_13_28_56_IST - create-module - INFO - The Read container name is crud-read-service
2024_09_11_13_28_56_IST - create-module - INFO - The Read module port is 5658
2024_09_11_13_28_56_IST - create-module - INFO - The Update container name is crud-update-service
2024_09_11_13_28_56_IST - create-module - INFO - The Update module port is 5659
2024_09_11_13_28_56_IST - create-module - INFO - The Redis host is crud-redis-service.crud-net-0a2cf
2024_09_11_13_29_17_IST - create-module - INFO - The Create container name is None
2024_09_11_13_29_17_IST - create-module - INFO - The Create module port is 5657
2024_09_11_13_29_17_IST - create-module - INFO - The Custom docker network name is crud-net-0a2cf
2024_09_11_13_29_17_IST - create-module - INFO - The Read container name is crud-read-service
2024_09_11_13_29_17_IST - create-module - INFO - The Read module port is 5658
2024_09_11_13_29_17_IST - create-module - INFO - The Update container name is crud-update-service
2024_09_11_13_29_17_IST - create-module - INFO - The Update module port is 5659
2024_09_11_13_29_17_IST - create-module - INFO - The Redis host is crud-redis-service.crud-net-0a2cf
2024_09_11_13_29_17_IST - create-module - INFO - The Employee name is vishnu-test89
2024_09_11_13_29_17_IST - create-module - INFO - The Employee ID is T6789
2024_09_11_13_29_17_IST - create-module - INFO - The Employee Mail is vishnu-test89@gmail.com
2024_09_11_13_29_17_IST - create-module - INFO - The Name check from Redis is None
2024_09_11_13_29_17_IST - create-module - INFO - The Name check is None, so,creating New entry
2024_09_11_13_29_26_IST - create-module - INFO - The Create container name is None
2024_09_11_13_29_26_IST - create-module - INFO - The Create module port is 5657
2024_09_11_13_29_26_IST - create-module - INFO - The Custom docker network name is crud-net-0a2cf
2024_09_11_13_29_26_IST - create-module - INFO - The Read container name is crud-read-service
2024_09_11_13_29_26_IST - create-module - INFO - The Read module port is 5658
2024_09_11_13_29_26_IST - create-module - INFO - The Update container name is crud-update-service
2024_09_11_13_29_26_IST - create-module - INFO - The Update module port is 5659
2024_09_11_13_29_26_IST - create-module - INFO - The Redis host is crud-redis-service.crud-net-0a2cf
2024_09_11_13_29_47_IST - create-module - INFO - The Create container name is None
2024_09_11_13_29_47_IST - create-module - INFO - The Create module port is 5657
2024_09_11_13_29_47_IST - create-module - INFO - The Custom docker network name is crud-net-0a2cf
2024_09_11_13_29_47_IST - create-module - INFO - The Read container name is crud-read-service
2024_09_11_13_29_47_IST - create-module - INFO - The Read module port is 5658
2024_09_11_13_29_47_IST - create-module - INFO - The Update container name is crud-update-service
2024_09_11_13_29_47_IST - create-module - INFO - The Update module port is 5659
2024_09_11_13_29_47_IST - create-module - INFO - The Redis host is crud-redis-service.crud-net-0a2cf
2024_09_11_13_29_47_IST - create-module - INFO - The Employee name is vishnu-test89
2024_09_11_13_29_47_IST - create-module - INFO - The Employee ID is T5678
2024_09_11_13_29_47_IST - create-module - INFO - The Employee Mail is vishnu@gmail.com
2024_09_11_13_29_47_IST - create-module - INFO - The Name check from Redis is b'vishnu-test89'
2024_09_11_13_29_47_IST - create-module - ERROR - The name vishnu-test89 already exists, kindly check the name once and use Update portal to update the details for existing users.
