2024_09_11_10_23_08_IST - sanity checks - INFO - The Create container name is crud-create-service
2024_09_11_10_23_08_IST - sanity checks - INFO - The Create module port is 5657
2024_09_11_10_23_08_IST - sanity checks - INFO - The Custom docker network name is crud-net-58a0e
2024_09_11_10_23_08_IST - sanity checks - INFO - The Read container name is crud-read-service
2024_09_11_10_23_08_IST - sanity checks - INFO - The Home module port is 5658
2024_09_11_10_23_08_IST - sanity checks - INFO - The Update container name is crud-home-service
2024_09_11_10_23_08_IST - sanity checks - INFO - The Home module port is 5655
2024_09_11_10_23_08_IST - sanity checks - INFO - The Redis host is crud-redis-service.crud-net-58a0e
2024_09_11_10_23_08_IST - sanity checks - INFO - The Employee name is swashikan
2024_09_11_10_23_08_IST - sanity checks - INFO - The Name check from Redis is b'swashikan'
2024_09_11_10_23_08_IST - sanity checks - INFO - The user swashikan exists,retrieving the info {'name': 'swashikan', 'id': 'T123444', 'email': 'swashikan@saama.com'}
2024_09_11_10_23_29_IST - sanity checks - INFO - The Create container name is crud-create-service
2024_09_11_10_23_29_IST - sanity checks - INFO - The Create module port is 5657
2024_09_11_10_23_29_IST - sanity checks - INFO - The Custom docker network name is crud-net-58a0e
2024_09_11_10_23_29_IST - sanity checks - INFO - The Read container name is crud-read-service
2024_09_11_10_23_29_IST - sanity checks - INFO - The Home module port is 5658
2024_09_11_10_23_29_IST - sanity checks - INFO - The Update container name is crud-home-service
2024_09_11_10_23_29_IST - sanity checks - INFO - The Home module port is 5655
2024_09_11_10_23_29_IST - sanity checks - INFO - The Redis host is crud-redis-service.crud-net-58a0e
2024_09_11_10_23_45_IST - sanity checks - INFO - The Create container name is crud-create-service
2024_09_11_10_23_45_IST - sanity checks - INFO - The Create module port is 5657
2024_09_11_10_23_45_IST - sanity checks - INFO - The Custom docker network name is crud-net-58a0e
2024_09_11_10_23_45_IST - sanity checks - INFO - The Read container name is crud-read-service
2024_09_11_10_23_45_IST - sanity checks - INFO - The Home module port is 5658
2024_09_11_10_23_45_IST - sanity checks - INFO - The Update container name is crud-home-service
2024_09_11_10_23_45_IST - sanity checks - INFO - The Home module port is 5655
2024_09_11_10_23_45_IST - sanity checks - INFO - The Redis host is crud-redis-service.crud-net-58a0e
2024_09_11_10_23_45_IST - sanity checks - INFO - The Employee name is swashikan
2024_09_11_10_23_45_IST - sanity checks - INFO - The Name check from Redis is b'swashikan'
2024_09_11_10_23_45_IST - sanity checks - INFO - The user swashikan exists,retrieving the info {'name': 'swashikan', 'id': 'T123444', 'email': 'swashikan@saama.com'}
2024_09_11_10_23_52_IST - sanity checks - INFO - The Create container name is crud-create-service
2024_09_11_10_23_52_IST - sanity checks - INFO - The Create module port is 5657
2024_09_11_10_23_52_IST - sanity checks - INFO - The Custom docker network name is crud-net-58a0e
2024_09_11_10_23_52_IST - sanity checks - INFO - The Read container name is crud-read-service
2024_09_11_10_23_52_IST - sanity checks - INFO - The Home module port is 5658
2024_09_11_10_23_52_IST - sanity checks - INFO - The Update container name is crud-home-service
2024_09_11_10_23_52_IST - sanity checks - INFO - The Home module port is 5655
2024_09_11_10_23_52_IST - sanity checks - INFO - The Redis host is crud-redis-service.crud-net-58a0e
2024_09_11_10_23_58_IST - sanity checks - INFO - The Create container name is crud-create-service
2024_09_11_10_23_58_IST - sanity checks - INFO - The Create module port is 5657
2024_09_11_10_23_58_IST - sanity checks - INFO - The Custom docker network name is crud-net-58a0e
2024_09_11_10_23_58_IST - sanity checks - INFO - The Read container name is crud-read-service
2024_09_11_10_23_58_IST - sanity checks - INFO - The Home module port is 5658
2024_09_11_10_23_58_IST - sanity checks - INFO - The Update container name is crud-home-service
2024_09_11_10_23_58_IST - sanity checks - INFO - The Home module port is 5655
2024_09_11_10_23_58_IST - sanity checks - INFO - The Redis host is crud-redis-service.crud-net-58a0e
2024_09_11_10_23_58_IST - sanity checks - INFO - The Employee name is swashikan123
2024_09_11_10_23_58_IST - sanity checks - INFO - The Name check from Redis is None
2024_09_11_10_23_58_IST - sanity checks - ERROR - The User swashikan123 doesnt exists,Kindly check the name once
2024_09_11_10_24_12_IST - sanity checks - INFO - The Create container name is crud-create-service
2024_09_11_10_24_12_IST - sanity checks - INFO - The Create module port is 5657
2024_09_11_10_24_12_IST - sanity checks - INFO - The Custom docker network name is crud-net-58a0e
2024_09_11_10_24_12_IST - sanity checks - INFO - The Read container name is crud-read-service
2024_09_11_10_24_12_IST - sanity checks - INFO - The Home module port is 5658
2024_09_11_10_24_12_IST - sanity checks - INFO - The Update container name is crud-home-service
2024_09_11_10_24_12_IST - sanity checks - INFO - The Home module port is 5655
2024_09_11_10_24_12_IST - sanity checks - INFO - The Redis host is crud-redis-service.crud-net-58a0e
2024_09_11_10_25_10_IST - sanity checks - INFO - The Create container name is crud-create-service
2024_09_11_10_25_10_IST - sanity checks - INFO - The Create module port is 5657
2024_09_11_10_25_10_IST - sanity checks - INFO - The Custom docker network name is crud-net-58a0e
2024_09_11_10_25_10_IST - sanity checks - INFO - The Read container name is crud-read-service
2024_09_11_10_25_10_IST - sanity checks - INFO - The Home module port is 5658
2024_09_11_10_25_10_IST - sanity checks - INFO - The Update container name is crud-home-service
2024_09_11_10_25_10_IST - sanity checks - INFO - The Home module port is 5655
2024_09_11_10_25_10_IST - sanity checks - INFO - The Redis host is crud-redis-service.crud-net-58a0e
2024_09_11_10_25_10_IST - sanity checks - INFO - The Employee name is swashikan
2024_09_11_10_25_10_IST - sanity checks - INFO - The Name check from Redis is b'swashikan'
2024_09_11_10_25_10_IST - sanity checks - INFO - The user swashikan exists,retrieving the info {'name': 'swashikan', 'id': 'T123444', 'email': 'swashikan123@gmail.com'}
2024_09_11_10_25_29_IST - sanity checks - INFO - The Create container name is crud-create-service
2024_09_11_10_25_29_IST - sanity checks - INFO - The Create module port is 5657
2024_09_11_10_25_29_IST - sanity checks - INFO - The Custom docker network name is crud-net-58a0e
2024_09_11_10_25_29_IST - sanity checks - INFO - The Read container name is crud-read-service
2024_09_11_10_25_29_IST - sanity checks - INFO - The Home module port is 5658
2024_09_11_10_25_29_IST - sanity checks - INFO - The Update container name is crud-home-service
2024_09_11_10_25_29_IST - sanity checks - INFO - The Home module port is 5655
2024_09_11_10_25_29_IST - sanity checks - INFO - The Redis host is crud-redis-service.crud-net-58a0e
