2024_09_11_13_31_13_IST - delete Module - INFO - The Create container name is None
2024_09_11_13_31_13_IST - delete Module - INFO - The Create module port is None
2024_09_11_13_31_13_IST - delete Module - INFO - The Custom docker network name is crud-net-0a2cf
2024_09_11_13_31_13_IST - delete Module - INFO - The Read container name is crud-read-service
2024_09_11_13_31_13_IST - delete Module - INFO - The Read module port is 5658
2024_09_11_13_31_13_IST - delete Module - INFO - The Redis hostname is crud-redis-service.crud-net-0a2cf
2024_09_11_13_31_13_IST - delete Module - INFO - The Redis host is crud-redis-service.crud-net-0a2cf
2024_09_11_13_31_13_IST - delete Module - INFO - The Home module port is 5655
2024_09_11_13_31_13_IST - delete Module - INFO - The Home container is crud-home-service
2024_09_11_13_31_20_IST - delete Module - INFO - The Create container name is None
2024_09_11_13_31_20_IST - delete Module - INFO - The Create module port is None
2024_09_11_13_31_20_IST - delete Module - INFO - The Custom docker network name is crud-net-0a2cf
2024_09_11_13_31_20_IST - delete Module - INFO - The Read container name is crud-read-service
2024_09_11_13_31_20_IST - delete Module - INFO - The Read module port is 5658
2024_09_11_13_31_20_IST - delete Module - INFO - The Redis hostname is crud-redis-service.crud-net-0a2cf
2024_09_11_13_31_20_IST - delete Module - INFO - The Redis host is crud-redis-service.crud-net-0a2cf
2024_09_11_13_31_20_IST - delete Module - INFO - The Home module port is 5655
2024_09_11_13_31_20_IST - delete Module - INFO - The Home container is crud-home-service
2024_09_11_13_31_20_IST - delete Module - INFO - The User is dummy_user
2024_09_11_13_31_20_IST - delete Module - INFO - The Delete Key is delete_employee_id
2024_09_11_13_31_20_IST - delete Module - INFO - The Name check from Redis is None
2024_09_11_13_31_20_IST - delete Module - ERROR - The User doesnt exists..Kindly check the Username once
2024_09_11_13_31_25_IST - delete Module - INFO - The Create container name is None
2024_09_11_13_31_25_IST - delete Module - INFO - The Create module port is None
2024_09_11_13_31_25_IST - delete Module - INFO - The Custom docker network name is crud-net-0a2cf
2024_09_11_13_31_25_IST - delete Module - INFO - The Read container name is crud-read-service
2024_09_11_13_31_25_IST - delete Module - INFO - The Read module port is 5658
2024_09_11_13_31_25_IST - delete Module - INFO - The Redis hostname is crud-redis-service.crud-net-0a2cf
2024_09_11_13_31_25_IST - delete Module - INFO - The Redis host is crud-redis-service.crud-net-0a2cf
2024_09_11_13_31_25_IST - delete Module - INFO - The Home module port is 5655
2024_09_11_13_31_25_IST - delete Module - INFO - The Home container is crud-home-service
2024_09_11_13_31_37_IST - delete Module - INFO - The Create container name is None
2024_09_11_13_31_37_IST - delete Module - INFO - The Create module port is None
2024_09_11_13_31_37_IST - delete Module - INFO - The Custom docker network name is crud-net-0a2cf
2024_09_11_13_31_37_IST - delete Module - INFO - The Read container name is crud-read-service
2024_09_11_13_31_37_IST - delete Module - INFO - The Read module port is 5658
2024_09_11_13_31_37_IST - delete Module - INFO - The Redis hostname is crud-redis-service.crud-net-0a2cf
2024_09_11_13_31_37_IST - delete Module - INFO - The Redis host is crud-redis-service.crud-net-0a2cf
2024_09_11_13_31_37_IST - delete Module - INFO - The Home module port is 5655
2024_09_11_13_31_37_IST - delete Module - INFO - The Home container is crud-home-service
2024_09_11_13_31_37_IST - delete Module - INFO - The User is vishnu-test89
2024_09_11_13_31_37_IST - delete Module - INFO - The Delete Key is delete_employee_id
2024_09_11_13_31_37_IST - delete Module - INFO - The Name check from Redis is b'vishnu-test89'
2024_09_11_13_31_37_IST - delete Module - INFO - The User exists in Redis
